<?xml version="1.0" encoding="UTF-8"?>
<!-- Generated by org.testng.reporters.JUnitXMLReporter -->
<testsuite ignored="4" hostname="LAPTOP-TKU9OK99" failures="0" tests="1" name="Default test" time="8.788" errors="0" timestamp="2023-07-08T21:09:01 IST">
  <testcase classname="com.demoactime.com.testcase.Login" name="verifyLoginwithincorrectPassword" time="8.72"/>
  <testcase classname="com.demoactime.com.testcase.Login" name="verifyLoginWithValidCredentials" time="0.0">
    <ignored/>
  </testcase> <!-- verifyLoginWithValidCredentials -->
  <testcase classname="com.demoactime.com.testcase.Login" name="SearchUser" time="0.0">
    <ignored/>
  </testcase> <!-- SearchUser -->
  <testcase classname="com.demoactime.com.testcase.Login" name="SearchReport" time="0.0">
    <ignored/>
  </testcase> <!-- SearchReport -->
  <testcase classname="com.demoactime.com.testcase.Login" name="verifyLoginwithincorrectUserName" time="0.0">
    <ignored/>
  </testcase> <!-- verifyLoginwithincorrectUserName -->
</testsuite> <!-- Default test -->
