<?xml version="1.0" encoding="UTF-8"?>
<testng-results ignored="4" total="5" passed="1" failed="0" skipped="0">
  <reporter-output>
  </reporter-output>
  <suite started-at="2023-07-08T21:08:53 IST" name="Default suite" finished-at="2023-07-08T21:09:01 IST" duration-ms="8788">
    <groups>
    </groups>
    <test started-at="2023-07-08T21:08:53 IST" name="Default test" finished-at="2023-07-08T21:09:01 IST" duration-ms="8788">
      <class name="com.demoactime.com.testcase.Login">
        <test-method signature="verifyLoginwithincorrectPassword()[pri:0, instance:com.demoactime.com.testcase.Login@58e1d9d]" started-at="2023-07-08T21:08:53 IST" name="verifyLoginwithincorrectPassword" finished-at="2023-07-08T21:09:01 IST" duration-ms="8720" status="PASS">
          <reporter-output>
          </reporter-output>
        </test-method> <!-- verifyLoginwithincorrectPassword -->
      </class> <!-- com.demoactime.com.testcase.Login -->
    </test> <!-- Default test -->
  </suite> <!-- Default suite -->
</testng-results>
